<?xml version="1.0" encoding="UTF-8"?>
<!-- Generated by org.testng.reporters.JUnitReportReporter -->
<testsuite hostname="DESKTOP-R8BJFG3" failures="0" tests="1" name="testng.grouping" time="72.936" errors="0" timestamp="04 Jan 2022 10:08:15 GMT" skipped="0">
  <testcase classname="testng.grouping" name="a" time="72.936"/>
</testsuite> <!-- testng.grouping -->
