<?xml version="1.0" encoding="UTF-8"?>
<!-- Generated by org.testng.reporters.JUnitReportReporter -->
<testsuite hostname="DESKTOP-R8BJFG3" failures="0" tests="3" name="testng.parallel" time="0.020" errors="0" timestamp="04 Jan 2022 10:19:41 GMT" skipped="0">
  <testcase classname="testng.parallel" name="a" time="0.013"/>
  <testcase classname="testng.parallel" name="b" time="0.003"/>
  <testcase classname="testng.parallel" name="c" time="0.004"/>
</testsuite> <!-- testng.parallel -->
