<?xml version="1.0" encoding="UTF-8"?>
<!-- Generated by org.testng.reporters.JUnitReportReporter -->
<testsuite hostname="DESKTOP-R8BJFG3" failures="0" tests="11" name="testng.onetest" time="0.896" errors="0" timestamp="04 Jan 2022 10:19:41 GMT" skipped="0">
  <testcase classname="testng.onetest" name="sample5" time="0.011"/>
  <testcase classname="testng.onetest" name="sample" time="0.007"/>
  <testcase classname="testng.onetest" name="sample" time="0.013"/>
  <testcase classname="testng.onetest" name="sample" time="0.008"/>
  <testcase classname="testng.onetest" name="sample" time="0.806"/>
  <testcase classname="testng.onetest" name="sample" time="0.016"/>
  <testcase classname="testng.onetest" name="sample" time="0.005"/>
  <testcase classname="testng.onetest" name="sample" time="0.015"/>
  <testcase classname="testng.onetest" name="sample" time="0.006"/>
  <testcase classname="testng.onetest" name="sample" time="0.006"/>
  <testcase classname="testng.onetest" name="sample" time="0.003"/>
</testsuite> <!-- testng.onetest -->
