<?xml version="1.0" encoding="UTF-8"?>
<!-- Generated by org.testng.reporters.JUnitReportReporter -->
<testsuite hostname="DESKTOP-R8BJFG3" failures="0" tests="11" name="testng.twotest" time="0.121" errors="0" timestamp="04 Jan 2022 09:50:48 GMT" skipped="0">
  <testcase classname="testng.twotest" name="sample55" time="0.031"/>
  <testcase classname="testng.twotest" name="samples" time="0.006"/>
  <testcase classname="testng.twotest" name="samples" time="0.010"/>
  <testcase classname="testng.twotest" name="samples" time="0.005"/>
  <testcase classname="testng.twotest" name="samples" time="0.012"/>
  <testcase classname="testng.twotest" name="samples" time="0.020"/>
  <testcase classname="testng.twotest" name="samples" time="0.021"/>
  <testcase classname="testng.twotest" name="samples" time="0.001"/>
  <testcase classname="testng.twotest" name="samples" time="0.003"/>
  <testcase classname="testng.twotest" name="samples" time="0.005"/>
  <testcase classname="testng.twotest" name="samples" time="0.007"/>
</testsuite> <!-- testng.twotest -->
