<?xml version="1.0" encoding="UTF-8"?>
<!-- Generated by org.testng.reporters.JUnitReportReporter -->
<testsuite hostname="DESKTOP-R8BJFG3" failures="0" tests="3" name="testng.dataprovi" time="59.498" errors="0" timestamp="04 Jan 2022 09:50:48 GMT" skipped="0">
  <testcase classname="testng.dataprovi" name="data" time="13.514"/>
  <testcase classname="testng.dataprovi" name="data" time="22.731"/>
  <testcase classname="testng.dataprovi" name="data" time="23.253"/>
</testsuite> <!-- testng.dataprovi -->
