<?xml version="1.0" encoding="UTF-8"?>
<!-- Generated by org.testng.reporters.JUnitReportReporter -->
<testsuite hostname="DESKTOP-R8BJFG3" failures="0" tests="1" name="testng.params" time="10.845" errors="0" timestamp="04 Jan 2022 09:50:48 GMT" skipped="0">
  <testcase classname="testng.params" name="data" time="10.845"/>
</testsuite> <!-- testng.params -->
